<<<<<<< Updated upstream
2025-11-30 13:19:11 === STARTED ===
2025-11-30 13:19:11 Pulling...
2025-11-30 13:19:11 Stashing...
<<<<<<< Updated upstream
2025-11-30 18:36:57 Already up to date.
2025-11-30 18:36:57 Generated 41 photos
2025-11-30 18:36:57 On branch main
2025-11-30 18:36:57 Your branch is up to date with 'origin/main'.
2025-11-30 18:36:57 
2025-11-30 18:36:57 Changes not staged for commit:
2025-11-30 18:36:57   (use "git add <file>..." to update what will be committed)
2025-11-30 18:36:57   (use "git restore <file>..." to discard changes in working directory)
2025-11-30 18:36:57 	modified:   update-images.log
2025-11-30 18:36:57 
2025-11-30 18:36:57 Untracked files:
2025-11-30 18:36:57   (use "git add <file>..." to include in what will be committed)
2025-11-30 18:36:57 	docs/js/image-list-correct.js
2025-11-30 18:36:57 
2025-11-30 18:36:57 no changes added to commit (use "git add" and/or "git commit -a")
2025-11-30 18:36:59 DONE
=======
2025-11-30 18:36:55 === STARTED ===
2025-11-30 18:36:55 Pulling...
2025-11-30 18:36:55 Stashing...
>>>>>>> Stashed changes
2025-12-03 21:09:38 Already up to date.
2025-12-03 21:09:38 Generated 56 photos
2025-12-03 21:09:38 [main 57e0c3e] update images 56
2025-12-03 21:09:38  1 file changed, 15 insertions(+)
2025-12-03 21:09:41 DONE
